<?xml version="1.0" encoding="UTF-8"?>
<testng-results skipped="0" failed="0" total="1" passed="1">
  <reporter-output>
    <line>
      <![CDATA[Executing on chrome]]>
    </line>
    <line>
      <![CDATA[Login success::dashboard   http://projects.qedgetech.com/webapp/dashboard.php]]>
    </line>
    <line>
      <![CDATA[Login fail::dashboard   http://projects.qedgetech.com/webapp/dashboard.php]]>
    </line>
  </reporter-output>
  <suite name="Default suite" duration-ms="29346" started-at="2021-01-26T12:27:42Z" finished-at="2021-01-26T12:28:11Z">
    <groups>
    </groups>
    <test name="Default test" duration-ms="29346" started-at="2021-01-26T12:27:42Z" finished-at="2021-01-26T12:28:11Z">
      <class name="jan25.propertyFile">
        <test-method status="PASS" signature="setUp()[pri:0, instance:jan25.propertyFile@28d25987]" name="setUp" is-config="true" duration-ms="11078" started-at="2021-01-26T17:57:42Z" finished-at="2021-01-26T17:57:53Z">
          <reporter-output>
            <line>
              <![CDATA[Executing on chrome]]>
            </line>
          </reporter-output>
        </test-method> <!-- setUp -->
        <test-method status="PASS" signature="verifyLogin()[pri:0, instance:jan25.propertyFile@28d25987]" name="verifyLogin" duration-ms="18071" started-at="2021-01-26T17:57:53Z" finished-at="2021-01-26T17:58:11Z">
          <reporter-output>
            <line>
              <![CDATA[Login success::dashboard   http://projects.qedgetech.com/webapp/dashboard.php]]>
            </line>
            <line>
              <![CDATA[Login fail::dashboard   http://projects.qedgetech.com/webapp/dashboard.php]]>
            </line>
          </reporter-output>
        </test-method> <!-- verifyLogin -->
        <test-method status="PASS" signature="tearDown()[pri:0, instance:jan25.propertyFile@28d25987]" name="tearDown" is-config="true" duration-ms="141" started-at="2021-01-26T17:58:11Z" finished-at="2021-01-26T17:58:11Z">
          <reporter-output>
          </reporter-output>
        </test-method> <!-- tearDown -->
      </class> <!-- jan25.propertyFile -->
    </test> <!-- Default test -->
  </suite> <!-- Default suite -->
</testng-results>
